<?xml version="1.0" encoding="UTF-8"?>
<!-- Generated by org.testng.reporters.JUnitReportReporter -->
<testsuite hostname="DESKTOP-950OGGL" failures="0" tests="3" name="CalculatorTest" time="0.016" errors="0" timestamp="2021-10-20T20:56:26 EEST" skipped="0">
  <testcase classname="CalculatorTest" name="testSum" time="0.016"/>
  <system-out/>
  <testcase classname="CalculatorTest" name="testSum2" time="0.000"/>
  <system-out/>
  <testcase classname="CalculatorTest" name="testSum1" time="0.000"/>
  <system-out/>
</testsuite> <!-- CalculatorTest -->
